1643757674515	geckodriver	INFO	Listening on 127.0.0.1:52948
1643757677652	mozrunner::runner	INFO	Running command: "C:\\Program Files\\Mozilla Firefox\\firefox.exe" "--marionette" "--remote-debugging-port" "52949" "-no-remote" "-profile" "C:\\Users\\RONIS\\AppData\\Local\\Temp\\rust_mozprofileU0MRjt"
1643757678122	Marionette	INFO	Marionette enabled
console.warn: SearchSettings: "get: No settings file exists, new profile?" (new NotFoundError("Could not open the file at C:\\Users\\RONIS\\AppData\\Local\\Temp\\rust_mozprofileU0MRjt\\search.json.mozlz4", (void 0)))
DevTools listening on ws://localhost:52949/devtools/browser/64e84a3b-d680-45b7-9f95-dd6754991a9f
1643757681313	Marionette	INFO	Listening on port 52955
1643757681849	RemoteAgent	WARN	TLS certificate errors will be ignored for this session
JavaScript error: resource://gre/modules/XULStore.jsm, line 66: Error: Can't find profile directory.
JavaScript error: resource://gre/modules/XULStore.jsm, line 66: Error: Can't find profile directory.
console.warn: LoginRecipes: "getRecipes: falling back to a synchronous message for:" "http://automationpratice.com.br"
JavaScript error: http://automationpratice.com.br/static/js/1.eed8ff43.chunk.js, line 1: TypeError: c is null
1643757702276	Marionette	INFO	Stopped listening on port 52955

###!!! [Parent][MessageChannel] Error: (msgtype=0x3A014F,name=PContent::Reply_DiscardBrowsingContext) Closed channel: cannot send/recv


###!!! [Parent][MessageChannel] Error: (msgtype=0x3A007A,name=PContent::Msg_DestroyBrowsingContextGroup) Closed channel: cannot send/recv

JavaScript error: resource://gre/modules/Sqlite.jsm, line 1105: Error: Sqlite.jsm has been shutdown. Cannot open connection to: C:\Users\RONIS\AppData\Local\Temp\rust_mozprofileU0MRjt\protections.sqlite

###!!! [Child][MessageChannel] Error: (msgtype=0x5A0008,name=PHttpChannel::Msg_DeletingChannel) Channel closing: too late to send/recv, messages will be lost


###!!! [Child][MessageChannel] Error: (msgtype=0x5A0008,name=PHttpChannel::Msg_DeletingChannel) Channel closing: too late to send/recv, messages will be lost


###!!! [Child][MessageChannel] Error: (msgtype=0x5A0008,name=PHttpChannel::Msg_DeletingChannel) Channel closing: too late to send/recv, messages will be lost


###!!! [Child][RunMessage] Error: Channel closing: too late to send/recv, messages will be lost


###!!! [Child][RunMessage] Error: Channel closing: too late to send/recv, messages will be lost

